<?xml version="1.0" encoding="UTF-8"?>
<testsuite xmlns:xsi="http://www.w3.org/2001/XMLSchema-instance" xsi:noNamespaceSchemaLocation="https://maven.apache.org/surefire/maven-surefire-plugin/xsd/surefire-test-report-3.0.xsd" version="3.0" name="cucumber.Options.TestRunner" time="6.644" tests="3" errors="0" skipped="0" failures="0">
  <properties>
    <property name="java.specification.version" value="17"/>
    <property name="sun.cpu.isalist" value="amd64"/>
    <property name="sun.jnu.encoding" value="Cp1252"/>
    <property name="java.class.path" value="C:\Eclipse New\NewWorkSpace\ReviseTheFrameWork\target\test-classes;C:\Eclipse New\NewWorkSpace\ReviseTheFrameWork\target\classes;C:\Users\sagar raipurkar\.m2\repository\io\rest-assured\rest-assured\5.5.0\rest-assured-5.5.0.jar;C:\Users\sagar raipurkar\.m2\repository\org\apache\groovy\groovy\4.0.22\groovy-4.0.22.jar;C:\Users\sagar raipurkar\.m2\repository\org\apache\groovy\groovy-xml\4.0.22\groovy-xml-4.0.22.jar;C:\Users\sagar raipurkar\.m2\repository\org\apache\httpcomponents\httpclient\4.5.13\httpclient-4.5.13.jar;C:\Users\sagar raipurkar\.m2\repository\org\apache\httpcomponents\httpcore\4.4.13\httpcore-4.4.13.jar;C:\Users\sagar raipurkar\.m2\repository\commons-logging\commons-logging\1.2\commons-logging-1.2.jar;C:\Users\sagar raipurkar\.m2\repository\commons-codec\commons-codec\1.11\commons-codec-1.11.jar;C:\Users\sagar raipurkar\.m2\repository\org\apache\httpcomponents\httpmime\4.5.13\httpmime-4.5.13.jar;C:\Users\sagar raipurkar\.m2\repository\org\hamcrest\hamcrest\2.2\hamcrest-2.2.jar;C:\Users\sagar raipurkar\.m2\repository\org\ccil\cowan\tagsoup\tagsoup\1.2.1\tagsoup-1.2.1.jar;C:\Users\sagar raipurkar\.m2\repository\io\rest-assured\json-path\5.5.0\json-path-5.5.0.jar;C:\Users\sagar raipurkar\.m2\repository\org\apache\groovy\groovy-json\4.0.22\groovy-json-4.0.22.jar;C:\Users\sagar raipurkar\.m2\repository\io\rest-assured\rest-assured-common\5.5.0\rest-assured-common-5.5.0.jar;C:\Users\sagar raipurkar\.m2\repository\io\rest-assured\xml-path\5.5.0\xml-path-5.5.0.jar;C:\Users\sagar raipurkar\.m2\repository\org\apache\commons\commons-lang3\3.11\commons-lang3-3.11.jar;C:\Users\sagar raipurkar\.m2\repository\io\cucumber\cucumber-java\7.20.1\cucumber-java-7.20.1.jar;C:\Users\sagar raipurkar\.m2\repository\io\cucumber\cucumber-core\7.20.1\cucumber-core-7.20.1.jar;C:\Users\sagar raipurkar\.m2\repository\io\cucumber\cucumber-gherkin\7.20.1\cucumber-gherkin-7.20.1.jar;C:\Users\sagar raipurkar\.m2\repository\io\cucumber\cucumber-gherkin-messages\7.20.1\cucumber-gherkin-messages-7.20.1.jar;C:\Users\sagar raipurkar\.m2\repository\io\cucumber\gherkin\28.0.0\gherkin-28.0.0.jar;C:\Users\sagar raipurkar\.m2\repository\io\cucumber\messages\24.1.0\messages-24.1.0.jar;C:\Users\sagar raipurkar\.m2\repository\io\cucumber\testng-xml-formatter\0.2.0\testng-xml-formatter-0.2.0.jar;C:\Users\sagar raipurkar\.m2\repository\io\cucumber\query\12.2.0\query-12.2.0.jar;C:\Users\sagar raipurkar\.m2\repository\io\cucumber\tag-expressions\6.1.0\tag-expressions-6.1.0.jar;C:\Users\sagar raipurkar\.m2\repository\io\cucumber\cucumber-expressions\17.1.0\cucumber-expressions-17.1.0.jar;C:\Users\sagar raipurkar\.m2\repository\io\cucumber\datatable\7.20.1\datatable-7.20.1.jar;C:\Users\sagar raipurkar\.m2\repository\io\cucumber\cucumber-plugin\7.20.1\cucumber-plugin-7.20.1.jar;C:\Users\sagar raipurkar\.m2\repository\io\cucumber\docstring\7.20.1\docstring-7.20.1.jar;C:\Users\sagar raipurkar\.m2\repository\io\cucumber\html-formatter\21.7.0\html-formatter-21.7.0.jar;C:\Users\sagar raipurkar\.m2\repository\io\cucumber\junit-xml-formatter\0.5.0\junit-xml-formatter-0.5.0.jar;C:\Users\sagar raipurkar\.m2\repository\io\cucumber\ci-environment\10.0.1\ci-environment-10.0.1.jar;C:\Users\sagar raipurkar\.m2\repository\org\apiguardian\apiguardian-api\1.1.2\apiguardian-api-1.1.2.jar;C:\Users\sagar raipurkar\.m2\repository\io\cucumber\cucumber-junit\7.20.1\cucumber-junit-7.20.1.jar;C:\Users\sagar raipurkar\.m2\repository\junit\junit\4.13.2\junit-4.13.2.jar;C:\Users\sagar raipurkar\.m2\repository\org\hamcrest\hamcrest-core\1.3\hamcrest-core-1.3.jar;C:\Users\sagar raipurkar\.m2\repository\com\fasterxml\jackson\core\jackson-databind\2.18.2\jackson-databind-2.18.2.jar;C:\Users\sagar raipurkar\.m2\repository\com\fasterxml\jackson\core\jackson-annotations\2.18.2\jackson-annotations-2.18.2.jar;C:\Users\sagar raipurkar\.m2\repository\com\fasterxml\jackson\core\jackson-core\2.18.2\jackson-core-2.18.2.jar;C:\Users\sagar raipurkar\.m2\repository\org\codehaus\groovy\groovy\3.0.23\groovy-3.0.23.jar;"/>
    <property name="java.vm.vendor" value="Oracle Corporation"/>
    <property name="sun.arch.data.model" value="64"/>
    <property name="user.variant" value=""/>
    <property name="java.vendor.url" value="https://java.oracle.com/"/>
    <property name="user.timezone" value="Asia/Calcutta"/>
    <property name="os.name" value="Windows 11"/>
    <property name="java.vm.specification.version" value="17"/>
    <property name="sun.java.launcher" value="SUN_STANDARD"/>
    <property name="user.country" value="IN"/>
    <property name="sun.boot.library.path" value="C:\Program Files\Java\jdk-17\bin"/>
    <property name="sun.java.command" value="C:\Users\sagar raipurkar\AppData\Local\Temp\surefire13696535810347732251\surefirebooter-20241203171357596_3.jar C:\Users\sagar raipurkar\AppData\Local\Temp\surefire13696535810347732251 2024-12-03T17-13-57_432-jvmRun1 surefire-20241203171357596_1tmp surefire_0-20241203171357596_2tmp"/>
    <property name="jdk.debug" value="release"/>
    <property name="surefire.test.class.path" value="C:\Eclipse New\NewWorkSpace\ReviseTheFrameWork\target\test-classes;C:\Eclipse New\NewWorkSpace\ReviseTheFrameWork\target\classes;C:\Users\sagar raipurkar\.m2\repository\io\rest-assured\rest-assured\5.5.0\rest-assured-5.5.0.jar;C:\Users\sagar raipurkar\.m2\repository\org\apache\groovy\groovy\4.0.22\groovy-4.0.22.jar;C:\Users\sagar raipurkar\.m2\repository\org\apache\groovy\groovy-xml\4.0.22\groovy-xml-4.0.22.jar;C:\Users\sagar raipurkar\.m2\repository\org\apache\httpcomponents\httpclient\4.5.13\httpclient-4.5.13.jar;C:\Users\sagar raipurkar\.m2\repository\org\apache\httpcomponents\httpcore\4.4.13\httpcore-4.4.13.jar;C:\Users\sagar raipurkar\.m2\repository\commons-logging\commons-logging\1.2\commons-logging-1.2.jar;C:\Users\sagar raipurkar\.m2\repository\commons-codec\commons-codec\1.11\commons-codec-1.11.jar;C:\Users\sagar raipurkar\.m2\repository\org\apache\httpcomponents\httpmime\4.5.13\httpmime-4.5.13.jar;C:\Users\sagar raipurkar\.m2\repository\org\hamcrest\hamcrest\2.2\hamcrest-2.2.jar;C:\Users\sagar raipurkar\.m2\repository\org\ccil\cowan\tagsoup\tagsoup\1.2.1\tagsoup-1.2.1.jar;C:\Users\sagar raipurkar\.m2\repository\io\rest-assured\json-path\5.5.0\json-path-5.5.0.jar;C:\Users\sagar raipurkar\.m2\repository\org\apache\groovy\groovy-json\4.0.22\groovy-json-4.0.22.jar;C:\Users\sagar raipurkar\.m2\repository\io\rest-assured\rest-assured-common\5.5.0\rest-assured-common-5.5.0.jar;C:\Users\sagar raipurkar\.m2\repository\io\rest-assured\xml-path\5.5.0\xml-path-5.5.0.jar;C:\Users\sagar raipurkar\.m2\repository\org\apache\commons\commons-lang3\3.11\commons-lang3-3.11.jar;C:\Users\sagar raipurkar\.m2\repository\io\cucumber\cucumber-java\7.20.1\cucumber-java-7.20.1.jar;C:\Users\sagar raipurkar\.m2\repository\io\cucumber\cucumber-core\7.20.1\cucumber-core-7.20.1.jar;C:\Users\sagar raipurkar\.m2\repository\io\cucumber\cucumber-gherkin\7.20.1\cucumber-gherkin-7.20.1.jar;C:\Users\sagar raipurkar\.m2\repository\io\cucumber\cucumber-gherkin-messages\7.20.1\cucumber-gherkin-messages-7.20.1.jar;C:\Users\sagar raipurkar\.m2\repository\io\cucumber\gherkin\28.0.0\gherkin-28.0.0.jar;C:\Users\sagar raipurkar\.m2\repository\io\cucumber\messages\24.1.0\messages-24.1.0.jar;C:\Users\sagar raipurkar\.m2\repository\io\cucumber\testng-xml-formatter\0.2.0\testng-xml-formatter-0.2.0.jar;C:\Users\sagar raipurkar\.m2\repository\io\cucumber\query\12.2.0\query-12.2.0.jar;C:\Users\sagar raipurkar\.m2\repository\io\cucumber\tag-expressions\6.1.0\tag-expressions-6.1.0.jar;C:\Users\sagar raipurkar\.m2\repository\io\cucumber\cucumber-expressions\17.1.0\cucumber-expressions-17.1.0.jar;C:\Users\sagar raipurkar\.m2\repository\io\cucumber\datatable\7.20.1\datatable-7.20.1.jar;C:\Users\sagar raipurkar\.m2\repository\io\cucumber\cucumber-plugin\7.20.1\cucumber-plugin-7.20.1.jar;C:\Users\sagar raipurkar\.m2\repository\io\cucumber\docstring\7.20.1\docstring-7.20.1.jar;C:\Users\sagar raipurkar\.m2\repository\io\cucumber\html-formatter\21.7.0\html-formatter-21.7.0.jar;C:\Users\sagar raipurkar\.m2\repository\io\cucumber\junit-xml-formatter\0.5.0\junit-xml-formatter-0.5.0.jar;C:\Users\sagar raipurkar\.m2\repository\io\cucumber\ci-environment\10.0.1\ci-environment-10.0.1.jar;C:\Users\sagar raipurkar\.m2\repository\org\apiguardian\apiguardian-api\1.1.2\apiguardian-api-1.1.2.jar;C:\Users\sagar raipurkar\.m2\repository\io\cucumber\cucumber-junit\7.20.1\cucumber-junit-7.20.1.jar;C:\Users\sagar raipurkar\.m2\repository\junit\junit\4.13.2\junit-4.13.2.jar;C:\Users\sagar raipurkar\.m2\repository\org\hamcrest\hamcrest-core\1.3\hamcrest-core-1.3.jar;C:\Users\sagar raipurkar\.m2\repository\com\fasterxml\jackson\core\jackson-databind\2.18.2\jackson-databind-2.18.2.jar;C:\Users\sagar raipurkar\.m2\repository\com\fasterxml\jackson\core\jackson-annotations\2.18.2\jackson-annotations-2.18.2.jar;C:\Users\sagar raipurkar\.m2\repository\com\fasterxml\jackson\core\jackson-core\2.18.2\jackson-core-2.18.2.jar;C:\Users\sagar raipurkar\.m2\repository\org\codehaus\groovy\groovy\3.0.23\groovy-3.0.23.jar;"/>
    <property name="sun.cpu.endian" value="little"/>
    <property name="user.home" value="C:\Users\sagar raipurkar"/>
    <property name="user.language" value="en"/>
    <property name="java.specification.vendor" value="Oracle Corporation"/>
    <property name="java.version.date" value="2024-01-16"/>
    <property name="java.home" value="C:\Program Files\Java\jdk-17"/>
    <property name="file.separator" value="\"/>
    <property name="style.color" value="always"/>
    <property name="basedir" value="C:\Eclipse New\NewWorkSpace\ReviseTheFrameWork"/>
    <property name="java.vm.compressedOopsMode" value="Zero based"/>
    <property name="line.separator" value="&#10;"/>
    <property name="java.vm.specification.vendor" value="Oracle Corporation"/>
    <property name="java.specification.name" value="Java Platform API Specification"/>
    <property name="surefire.real.class.path" value="C:\Users\sagar raipurkar\AppData\Local\Temp\surefire13696535810347732251\surefirebooter-20241203171357596_3.jar"/>
    <property name="user.script" value=""/>
    <property name="sun.management.compiler" value="HotSpot 64-Bit Tiered Compilers"/>
    <property name="java.runtime.version" value="17.0.10+11-LTS-240"/>
    <property name="user.name" value="sagar raipurkar"/>
    <property name="path.separator" value=";"/>
    <property name="os.version" value="10.0"/>
    <property name="java.runtime.name" value="Java(TM) SE Runtime Environment"/>
    <property name="file.encoding" value="Cp1252"/>
    <property name="java.vm.name" value="Java HotSpot(TM) 64-Bit Server VM"/>
    <property name="localRepository" value="C:\Users\sagar raipurkar\.m2\repository"/>
    <property name="java.vendor.url.bug" value="https://bugreport.java.com/bugreport/"/>
    <property name="java.io.tmpdir" value="C:\Users\SAGARR~1\AppData\Local\Temp\"/>
    <property name="java.version" value="17.0.10"/>
    <property name="user.dir" value="C:\Eclipse New\NewWorkSpace\ReviseTheFrameWork"/>
    <property name="os.arch" value="amd64"/>
    <property name="java.vm.specification.name" value="Java Virtual Machine Specification"/>
    <property name="sun.os.patch.level" value=""/>
    <property name="native.encoding" value="Cp1252"/>
    <property name="java.library.path" value="C:\Program Files\Java\jdk-17\bin;C:\WINDOWS\Sun\Java\bin;C:\WINDOWS\system32;C:\WINDOWS;C:\Program Files\Common Files\Oracle\Java\javapath;C:\WINDOWS\system32;C:\WINDOWS;C:\WINDOWS\System32\Wbem;C:\WINDOWS\System32\WindowsPowerShell\v1.0\;C:\WINDOWS\System32\OpenSSH\;C:\Program Files\dotnet\;C:\Program Files\Java\jdk-21\bin;C:\Program Files\Amazon\AWSCLIV2\;C:\ProgramData\chocolatey\bin;C:\Program Files\nodejs\;C:\Program Files\Microsoft SQL Server\150\Tools\Binn\;C:\Program Files\Microsoft SQL Server\Client SDK\ODBC\170\Tools\Binn\;C:\Git\bin;C:\Maven New\apache-maven-3.8.8-bin\apache-maven-3.8.8\bin;C:\Users\sagar raipurkar\AppData\Local\Microsoft\WindowsApps;C:\Users\sagar raipurkar\AppData\Local\GitHubDesktop\bin;C:\Users\sagar raipurkar\AppData\Local\Microsoft\WinGet\Packages\Doppler.doppler_Microsoft.Winget.Source_8wekyb3d8bbwe;C:\Users\sagar raipurkar\AppData\Local\Programs\Microsoft VS Code\bin;C:\Users\sagar raipurkar\.dotnet\tools;C:\Users\sagar raipurkar\AppData\Local\Programs\Git\cmd;."/>
    <property name="java.vm.info" value="mixed mode, sharing"/>
    <property name="java.vendor" value="Oracle Corporation"/>
    <property name="java.vm.version" value="17.0.10+11-LTS-240"/>
    <property name="sun.io.unicode.encoding" value="UnicodeLittle"/>
    <property name="java.class.version" value="61.0"/>
  </properties>
  <testcase name="Verify user able to add place" classname="Verify Add Place Functionality Using Add Place API" time="1.964">
    <system-out><![CDATA[18f658c7e9706ec1b03eb2728832c298
]]></system-out>
  </testcase>
  <testcase name="Verify user can retrieve place details" classname="Verify Add Place Functionality Using Add Place API" time="1.336"/>
  <testcase name="Verify user can delete the place" classname="Verify Add Place Functionality Using Add Place API" time="2.898"/>
</testsuite>